2024-06-20T00:01:26.275+02:00  INFO 26148 --- [projektJava] [restartedMain] c.e.projektJava.ProjektJavaApplication   : Starting ProjektJavaApplication using Java 21.0.3 with PID 26148 (C:\Users\Karolina\Desktop\projektJava\target\classes started by Karolina in C:\Users\Karolina\Desktop\projektJava)
2024-06-20T00:01:26.290+02:00  INFO 26148 --- [projektJava] [restartedMain] c.e.projektJava.ProjektJavaApplication   : No active profile set, falling back to 1 default profile: "default"
2024-06-20T00:01:29.049+02:00  WARN 26148 --- [projektJava] [restartedMain] org.hibernate.orm.deprecation            : HHH90000025: PostgreSQLDialect does not need to be specified explicitly using 'hibernate.dialect' (remove the property setting and it will be selected by default)
2024-06-20T00:01:30.094+02:00  WARN 26148 --- [projektJava] [restartedMain] JpaBaseConfiguration$JpaWebConfiguration : spring.jpa.open-in-view is enabled by default. Therefore, database queries may be performed during view rendering. Explicitly configure spring.jpa.open-in-view to disable this warning
2024-06-20T00:01:30.834+02:00  INFO 26148 --- [projektJava] [restartedMain] c.e.projektJava.ProjektJavaApplication   : Started ProjektJavaApplication in 4.851 seconds (process running for 5.319)
2024-06-20T00:01:50.207+02:00  INFO 26148 --- [projektJava] [http-nio-8080-exec-8] c.e.projektJava.aspect.LoggingAspect     : A method is about to be executed.
2024-06-20T00:01:50.230+02:00  INFO 26148 --- [projektJava] [http-nio-8080-exec-8] c.e.projektJava.aspect.LoggingAspect     : Metoda została wykonana i zwróciła: null
2024-06-20T00:02:08.580+02:00  INFO 31604 --- [projektJava] [restartedMain] c.e.projektJava.ProjektJavaApplication   : Starting ProjektJavaApplication using Java 21.0.3 with PID 31604 (C:\Users\Karolina\Desktop\projektJava\target\classes started by Karolina in C:\Users\Karolina\Desktop\projektJava)
2024-06-20T00:02:08.581+02:00  INFO 31604 --- [projektJava] [restartedMain] c.e.projektJava.ProjektJavaApplication   : No active profile set, falling back to 1 default profile: "default"
2024-06-20T00:02:11.230+02:00  WARN 31604 --- [projektJava] [restartedMain] org.hibernate.orm.deprecation            : HHH90000025: PostgreSQLDialect does not need to be specified explicitly using 'hibernate.dialect' (remove the property setting and it will be selected by default)
2024-06-20T00:02:12.092+02:00  WARN 31604 --- [projektJava] [restartedMain] JpaBaseConfiguration$JpaWebConfiguration : spring.jpa.open-in-view is enabled by default. Therefore, database queries may be performed during view rendering. Explicitly configure spring.jpa.open-in-view to disable this warning
2024-06-20T00:02:12.761+02:00  INFO 31604 --- [projektJava] [restartedMain] c.e.projektJava.ProjektJavaApplication   : Started ProjektJavaApplication in 4.44 seconds (process running for 4.908)
2024-06-20T00:02:35.854+02:00  INFO 31604 --- [projektJava] [http-nio-8080-exec-5] c.e.projektJava.aspect.LoggingAspect     : A method is about to be executed.
2024-06-20T00:02:35.875+02:00  INFO 31604 --- [projektJava] [http-nio-8080-exec-5] c.e.projektJava.aspect.LoggingAspect     : Metoda została wykonana i zwróciła: null
2024-06-20T00:03:06.921+02:00  INFO 5972 --- [projektJava] [restartedMain] c.e.projektJava.ProjektJavaApplication   : Starting ProjektJavaApplication using Java 21.0.3 with PID 5972 (C:\Users\Karolina\Desktop\projektJava\target\classes started by Karolina in C:\Users\Karolina\Desktop\projektJava)
2024-06-20T00:03:06.923+02:00  INFO 5972 --- [projektJava] [restartedMain] c.e.projektJava.ProjektJavaApplication   : No active profile set, falling back to 1 default profile: "default"
2024-06-20T00:03:09.513+02:00  WARN 5972 --- [projektJava] [restartedMain] org.hibernate.orm.deprecation            : HHH90000025: PostgreSQLDialect does not need to be specified explicitly using 'hibernate.dialect' (remove the property setting and it will be selected by default)
2024-06-20T00:03:10.527+02:00  WARN 5972 --- [projektJava] [restartedMain] JpaBaseConfiguration$JpaWebConfiguration : spring.jpa.open-in-view is enabled by default. Therefore, database queries may be performed during view rendering. Explicitly configure spring.jpa.open-in-view to disable this warning
2024-06-20T00:03:11.155+02:00  INFO 5972 --- [projektJava] [restartedMain] c.e.projektJava.ProjektJavaApplication   : Started ProjektJavaApplication in 4.493 seconds (process running for 4.978)
2024-06-20T00:03:42.354+02:00  INFO 5972 --- [projektJava] [http-nio-8080-exec-3] c.e.projektJava.aspect.LoggingAspect     : A method is about to be executed.
2024-06-20T00:03:42.389+02:00  INFO 5972 --- [projektJava] [http-nio-8080-exec-3] c.e.projektJava.aspect.LoggingAspect     : Metoda została wykonana i zwróciła: null
2024-06-20T00:03:52.199+02:00  INFO 5972 --- [projektJava] [http-nio-8080-exec-8] c.e.projektJava.aspect.LoggingAspect     : A method is about to be executed.
2024-06-20T00:03:52.207+02:00  INFO 5972 --- [projektJava] [http-nio-8080-exec-8] c.e.projektJava.aspect.LoggingAspect     : Metoda została wykonana i zwróciła: null
2024-06-20T00:04:21.873+02:00  INFO 5972 --- [projektJava] [restartedMain] c.e.projektJava.ProjektJavaApplication   : Starting ProjektJavaApplication using Java 21.0.3 with PID 5972 (C:\Users\Karolina\Desktop\projektJava\target\classes started by Karolina in C:\Users\Karolina\Desktop\projektJava)
2024-06-20T00:04:21.874+02:00  INFO 5972 --- [projektJava] [restartedMain] c.e.projektJava.ProjektJavaApplication   : No active profile set, falling back to 1 default profile: "default"
2024-06-20T00:04:22.870+02:00  WARN 5972 --- [projektJava] [restartedMain] org.hibernate.orm.deprecation            : HHH90000025: PostgreSQLDialect does not need to be specified explicitly using 'hibernate.dialect' (remove the property setting and it will be selected by default)
2024-06-20T00:04:23.068+02:00  WARN 5972 --- [projektJava] [restartedMain] JpaBaseConfiguration$JpaWebConfiguration : spring.jpa.open-in-view is enabled by default. Therefore, database queries may be performed during view rendering. Explicitly configure spring.jpa.open-in-view to disable this warning
2024-06-20T00:04:23.436+02:00  INFO 5972 --- [projektJava] [restartedMain] c.e.projektJava.ProjektJavaApplication   : Started ProjektJavaApplication in 1.581 seconds (process running for 77.259)
2024-06-20T00:05:23.865+02:00  WARN 5972 --- [projektJava] [restartedMain] org.hibernate.orm.deprecation            : HHH90000025: PostgreSQLDialect does not need to be specified explicitly using 'hibernate.dialect' (remove the property setting and it will be selected by default)
2024-06-20T00:05:24.044+02:00  WARN 5972 --- [projektJava] [restartedMain] JpaBaseConfiguration$JpaWebConfiguration : spring.jpa.open-in-view is enabled by default. Therefore, database queries may be performed during view rendering. Explicitly configure spring.jpa.open-in-view to disable this warning
2024-06-20T00:05:54.986+02:00  WARN 19524 --- [projektJava] [restartedMain] org.hibernate.orm.deprecation            : HHH90000025: PostgreSQLDialect does not need to be specified explicitly using 'hibernate.dialect' (remove the property setting and it will be selected by default)
2024-06-20T00:05:55.888+02:00  WARN 19524 --- [projektJava] [restartedMain] JpaBaseConfiguration$JpaWebConfiguration : spring.jpa.open-in-view is enabled by default. Therefore, database queries may be performed during view rendering. Explicitly configure spring.jpa.open-in-view to disable this warning
2024-06-20T00:06:14.528+02:00  INFO 19524 --- [projektJava] [http-nio-8080-exec-1] c.e.projektJava.aspect.LoggingAspect     : A method is about to be executed.
2024-06-20T00:06:14.562+02:00  INFO 19524 --- [projektJava] [http-nio-8080-exec-1] c.e.projektJava.aspect.LoggingAspect     : Metoda została wykonana i zwróciła: null
2024-06-20T00:06:16.891+02:00  INFO 19524 --- [projektJava] [http-nio-8080-exec-6] c.e.projektJava.aspect.LoggingAspect     : A method is about to be executed.
2024-06-20T00:06:16.904+02:00  INFO 19524 --- [projektJava] [http-nio-8080-exec-6] c.e.projektJava.aspect.LoggingAspect     : Metoda została wykonana i zwróciła: null
2024-06-20T00:07:44.801+02:00  WARN 19524 --- [projektJava] [restartedMain] org.hibernate.orm.deprecation            : HHH90000025: PostgreSQLDialect does not need to be specified explicitly using 'hibernate.dialect' (remove the property setting and it will be selected by default)
2024-06-20T00:07:44.912+02:00  WARN 19524 --- [projektJava] [restartedMain] JpaBaseConfiguration$JpaWebConfiguration : spring.jpa.open-in-view is enabled by default. Therefore, database queries may be performed during view rendering. Explicitly configure spring.jpa.open-in-view to disable this warning
